Thu Apr 25 02:53:56 PM IDT 2024

SLURM_JOBID:		 725
SLURM_JOB_NODELIST:	 HPC-RTX2080-X8 


Job lidorel_JOB_ID:725_NODE:HPC-RTX2080-X8 Finished

----------------------------------------------------------------------------------------
---           duration     amount_sent  average_bandwidth           score  rank      ---
---  0 15469226668.864 58666666675.000              4.225 24711964449.363     1      ---
---  1  1146933333.830 58666666696.500             68.826 19937866699.719     2      ---
---  2   917546667.176 58666666699.400             75.890 19861404480.822     3      ---
---  3   586666667.000 58666666700.000            100.000 19751111155.667     4      ---
---  4   586666667.000 58666666700.000            100.000 19751111155.667     5      ---
----------------------------------------------------------------------------------------
-----------------------------------------------------------
---  {                                                  ---
---      "flow_info_ecmp.csv": 5.0,                     ---
---      "flow_info_simulated_annealing.csv": 4.0,      ---
---      "flow_info_edge_coloring.csv": 3.0,            ---
---      "flow_info_ilp_solver.csv": 2.0,               ---
---      "flow_info_mcvlc.csv": 1.0                     ---
---  }                                                  ---
-----------------------------------------------------------
