Mon Apr 22 04:14:48 PM IDT 2024

SLURM_JOBID:		 626
SLURM_JOB_NODELIST:	 HPC-RTX3070-01 


Job lidorel_JOB_ID:626_NODE:HPC-RTX3070-01 Finished

1) Got splitted into 2 parts.
2) Got splitted into 2 parts.
3) Got splitted into 2 parts.
4) Got splitted into 2 parts.
5) Got splitted into 2 parts.
6) Got splitted into 2 parts.
7) Got splitted into 2 parts.
8) Got splitted into 2 parts.
9) Got splitted into 2 parts.
10) Got splitted into 2 parts.
11) Got splitted into 5 parts.
12) Got splitted into 5 parts.
13) Got splitted into 5 parts.
14) Got splitted into 5 parts.
15) Got splitted into 5 parts.
16) Got splitted into 12 parts.
17) Got splitted into 12 parts.
18) Got splitted into 12 parts.
19) Got splitted into 12 parts.
20) Got splitted into 12 parts.
21) Got splitted into 17 parts.
22) Got splitted into 17 parts.
23) Got splitted into 17 parts.
24) Got splitted into 17 parts.
25) Got splitted into 17 parts.
26) Got splitted into 34 parts.
27) Got splitted into 34 parts.
28) Got splitted into 34 parts.
29) Got splitted into 34 parts.
30) Got splitted into 34 parts.
31) Got splitted into 59 parts.
32) Got splitted into 59 parts.
33) Got splitted into 59 parts.
34) Got splitted into 59 parts.
35) Got splitted into 59 parts.
36) Got splitted into 158 parts.
37) Got splitted into 158 parts.
38) Got splitted into 158 parts.
39) Got splitted into 158 parts.
40) Got splitted into 158 parts.
41) Got splitted into 79 parts.
42) Got splitted into 79 parts.
43) Got splitted into 79 parts.
44) Got splitted into 79 parts.
45) Got splitted into 79 parts.
46) Got splitted into 2 parts.
47) Got splitted into 2 parts.
48) Got splitted into 2 parts.
49) Got splitted into 2 parts.
50) Got splitted into 2 parts.
51) Got splitted into 2 parts.
52) Got splitted into 2 parts.
53) Got splitted into 2 parts.
54) Got splitted into 2 parts.
55) Got splitted into 2 parts.
56) Got splitted into 5 parts.
57) Got splitted into 5 parts.
58) Got splitted into 5 parts.
59) Got splitted into 5 parts.
60) Got splitted into 5 parts.
61) Got splitted into 59 parts.
62) Got splitted into 59 parts.
63) Got splitted into 59 parts.
64) Got splitted into 59 parts.
65) Got splitted into 59 parts.
66) Got splitted into 79 parts.
67) Got splitted into 79 parts.
68) Got splitted into 79 parts.
69) Got splitted into 79 parts.
70) Got splitted into 79 parts.
71) Got splitted into 158 parts.
72) Got splitted into 158 parts.
73) Got splitted into 158 parts.
74) Got splitted into 158 parts.
75) Got splitted into 158 parts.
76) Got splitted into 12 parts.
77) Got splitted into 12 parts.
78) Got splitted into 12 parts.
79) Got splitted into 12 parts.
80) Got splitted into 12 parts.
81) Got splitted into 17 parts.
82) Got splitted into 17 parts.
83) Got splitted into 17 parts.
84) Got splitted into 17 parts.
85) Got splitted into 17 parts.
86) Got splitted into 34 parts.
87) Got splitted into 34 parts.
88) Got splitted into 34 parts.
89) Got splitted into 34 parts.
90) Got splitted into 34 parts.
91) Got splitted into 2 parts.
92) Got splitted into 2 parts.
93) Got splitted into 2 parts.
94) Got splitted into 2 parts.
95) Got splitted into 2 parts.
96) Got splitted into 2 parts.
97) Got splitted into 2 parts.
98) Got splitted into 2 parts.
99) Got splitted into 2 parts.
100) Got splitted into 2 parts.
101) Got splitted into 5 parts.
102) Got splitted into 5 parts.
103) Got splitted into 5 parts.
104) Got splitted into 5 parts.
105) Got splitted into 5 parts.
106) Got splitted into 158 parts.
107) Got splitted into 158 parts.
108) Got splitted into 158 parts.
109) Got splitted into 158 parts.
110) Got splitted into 158 parts.
111) Got splitted into 59 parts.
112) Got splitted into 59 parts.
113) Got splitted into 59 parts.
114) Got splitted into 59 parts.
115) Got splitted into 59 parts.
116) Got splitted into 79 parts.
117) Got splitted into 79 parts.
118) Got splitted into 79 parts.
119) Got splitted into 79 parts.
120) Got splitted into 79 parts.
121) Got splitted into 34 parts.
122) Got splitted into 34 parts.
123) Got splitted into 34 parts.
124) Got splitted into 34 parts.
125) Got splitted into 34 parts.
126) Got splitted into 12 parts.
127) Got splitted into 12 parts.
128) Got splitted into 12 parts.
129) Got splitted into 12 parts.
130) Got splitted into 12 parts.
131) Got splitted into 17 parts.
132) Got splitted into 17 parts.
133) Got splitted into 17 parts.
134) Got splitted into 17 parts.
135) Got splitted into 17 parts.
136) Got splitted into 2 parts.
137) Got splitted into 2 parts.
138) Got splitted into 2 parts.
139) Got splitted into 2 parts.
140) Got splitted into 2 parts.
141) Got splitted into 5 parts.
142) Got splitted into 5 parts.
143) Got splitted into 5 parts.
144) Got splitted into 5 parts.
145) Got splitted into 5 parts.
146) Got splitted into 2 parts.
147) Got splitted into 2 parts.
148) Got splitted into 2 parts.
149) Got splitted into 2 parts.
150) Got splitted into 2 parts.
151) Got splitted into 12 parts.
152) Got splitted into 12 parts.
153) Got splitted into 12 parts.
154) Got splitted into 12 parts.
155) Got splitted into 12 parts.
156) Got splitted into 34 parts.
157) Got splitted into 34 parts.
158) Got splitted into 34 parts.
159) Got splitted into 34 parts.
160) Got splitted into 34 parts.
161) Got splitted into 17 parts.
162) Got splitted into 17 parts.
163) Got splitted into 17 parts.
164) Got splitted into 17 parts.
165) Got splitted into 17 parts.
166) Got splitted into 79 parts.
167) Got splitted into 79 parts.
168) Got splitted into 79 parts.
169) Got splitted into 79 parts.
170) Got splitted into 79 parts.
171) Got splitted into 59 parts.
172) Got splitted into 59 parts.
173) Got splitted into 59 parts.
174) Got splitted into 59 parts.
175) Got splitted into 59 parts.
176) Got splitted into 158 parts.
177) Got splitted into 158 parts.
178) Got splitted into 158 parts.
179) Got splitted into 158 parts.
180) Got splitted into 158 parts.
181) Got splitted into 25 parts.
182) Got splitted into 28 parts.
183) Got splitted into 32 parts.
184) Got splitted into 27 parts.
185) Got splitted into 28 parts.
186) Got splitted into 47 parts.
187) Got splitted into 49 parts.
188) Got splitted into 48 parts.
189) Got splitted into 50 parts.
190) Got splitted into 50 parts.
191) Got splitted into 138 parts.
192) Got splitted into 148 parts.
193) Got splitted into 144 parts.
194) Got splitted into 143 parts.
195) Got splitted into 148 parts.
196) Got splitted into 8 parts.
197) Got splitted into 9 parts.
198) Got splitted into 9 parts.
199) Got splitted into 8 parts.
200) Got splitted into 9 parts.
201) Got splitted into 25 parts.
202) Got splitted into 28 parts.
203) Got splitted into 28 parts.
204) Got splitted into 26 parts.
205) Got splitted into 28 parts.
206) Got splitted into 148 parts.
207) Got splitted into 146 parts.
208) Got splitted into 138 parts.
209) Got splitted into 146 parts.
210) Got splitted into 143 parts.
211) Got splitted into 47 parts.
212) Got splitted into 50 parts.
213) Got splitted into 49 parts.
214) Got splitted into 49 parts.
215) Got splitted into 49 parts.
216) Got splitted into 8 parts.
217) Got splitted into 9 parts.
218) Got splitted into 9 parts.
219) Got splitted into 9 parts.
220) Got splitted into 8 parts.
221) Got splitted into 8 parts.
222) Got splitted into 9 parts.
223) Got splitted into 9 parts.
224) Got splitted into 8 parts.
225) Got splitted into 9 parts.
226) Got splitted into 138 parts.
227) Got splitted into 147 parts.
228) Got splitted into 148 parts.
229) Got splitted into 145 parts.
230) Got splitted into 144 parts.
231) Got splitted into 47 parts.
232) Got splitted into 49 parts.
233) Got splitted into 49 parts.
234) Got splitted into 49 parts.
235) Got splitted into 50 parts.
236) Got splitted into 28 parts.
237) Got splitted into 25 parts.
238) Got splitted into 28 parts.
239) Got splitted into 26 parts.
240) Got splitted into 28 parts.
241) Got splitted into 27 parts.
242) Got splitted into 28 parts.
243) Got splitted into 25 parts.
244) Got splitted into 25 parts.
245) Got splitted into 28 parts.
246) Got splitted into 8 parts.
247) Got splitted into 9 parts.
248) Got splitted into 8 parts.
249) Got splitted into 8 parts.
250) Got splitted into 9 parts.
251) Got splitted into 47 parts.
252) Got splitted into 49 parts.
253) Got splitted into 50 parts.
254) Got splitted into 49 parts.
255) Got splitted into 50 parts.
256) Got splitted into 138 parts.
257) Got splitted into 148 parts.
258) Got splitted into 143 parts.
259) Got splitted into 146 parts.
260) Got splitted into 147 parts.
261) Got splitted into 66 parts.
262) Got splitted into 60 parts.
263) Got splitted into 68 parts.
264) Got splitted into 64 parts.
265) Got splitted into 68 parts.
266) Got splitted into 13 parts.
267) Got splitted into 19 parts.
268) Got splitted into 19 parts.
269) Got splitted into 14 parts.
270) Got splitted into 77 parts.
271) Got splitted into 64 parts.
272) Got splitted into 73 parts.
273) Got splitted into 71 parts.
274) Got splitted into 73 parts.
275) Got splitted into 297 parts.
276) Got splitted into 318 parts.
277) Got splitted into 320 parts.
278) Got splitted into 312 parts.
279) Got splitted into 317 parts.
280) Got splitted into 66 parts.
281) Got splitted into 60 parts.
282) Got splitted into 66 parts.
283) Got splitted into 66 parts.
284) Got splitted into 66 parts.
285) Got splitted into 13 parts.
286) Got splitted into 19 parts.
287) Got splitted into 14 parts.
288) Got splitted into 19 parts.
289) Got splitted into 64 parts.
290) Got splitted into 77 parts.
291) Got splitted into 70 parts.
292) Got splitted into 73 parts.
293) Got splitted into 297 parts.
294) Got splitted into 320 parts.
295) Got splitted into 313 parts.
296) Got splitted into 312 parts.
297) Got splitted into 66 parts.
298) Got splitted into 60 parts.
299) Got splitted into 67 parts.
300) Got splitted into 67 parts.
301) Got splitted into 65 parts.
302) Got splitted into 13 parts.
303) Got splitted into 19 parts.
304) Got splitted into 14 parts.
305) Got splitted into 17 parts.
306) Got splitted into 19 parts.
307) Got splitted into 74 parts.
308) Got splitted into 64 parts.
309) Got splitted into 77 parts.
310) Got splitted into 74 parts.
311) Got splitted into 72 parts.
312) Got splitted into 297 parts.
313) Got splitted into 320 parts.
314) Got splitted into 317 parts.
315) Got splitted into 314 parts.
316) Got splitted into 316 parts.
317) Got splitted into 70 parts.
318) Got splitted into 66 parts.
319) Got splitted into 60 parts.
320) Got splitted into 60 parts.
321) Got splitted into 67 parts.
322) Got splitted into 19 parts.
323) Got splitted into 13 parts.
324) Got splitted into 14 parts.
325) Got splitted into 19 parts.
326) Got splitted into 64 parts.
327) Got splitted into 65 parts.
328) Got splitted into 77 parts.
329) Got splitted into 74 parts.
330) Got splitted into 321 parts.
331) Got splitted into 297 parts.
332) Got splitted into 312 parts.
333) Got splitted into 313 parts.
334) Got splitted into 19 parts.
335) Got splitted into 41 parts.
336) Got splitted into 31 parts.
337) Got splitted into 22 parts.
338) Got splitted into 38 parts.
339) Got splitted into 158 parts.
340) Got splitted into 115 parts.
341) Got splitted into 151 parts.
342) Got splitted into 135 parts.
343) Got splitted into 154 parts.
344) Got splitted into 97 parts.
345) Got splitted into 139 parts.
346) Got splitted into 107 parts.
347) Got splitted into 122 parts.
348) Got splitted into 119 parts.
349) Got splitted into 19 parts.
350) Got splitted into 34 parts.
351) Got splitted into 41 parts.
352) Got splitted into 23 parts.
353) Got splitted into 38 parts.
354) Got splitted into 148 parts.
355) Got splitted into 115 parts.
356) Got splitted into 136 parts.
357) Got splitted into 154 parts.
358) Got splitted into 152 parts.
359) Got splitted into 97 parts.
360) Got splitted into 118 parts.
361) Got splitted into 139 parts.
362) Got splitted into 113 parts.
363) Got splitted into 119 parts.
364) Got splitted into 19 parts.
365) Got splitted into 41 parts.
366) Got splitted into 33 parts.
367) Got splitted into 38 parts.
368) Got splitted into 22 parts.
369) Got splitted into 115 parts.
370) Got splitted into 149 parts.
371) Got splitted into 158 parts.
372) Got splitted into 139 parts.
373) Got splitted into 149 parts.
374) Got splitted into 97 parts.
375) Got splitted into 139 parts.
376) Got splitted into 114 parts.
377) Got splitted into 120 parts.
378) Got splitted into 122 parts.
379) Got splitted into 97 parts.
380) Got splitted into 137 parts.
381) Got splitted into 118 parts.
382) Got splitted into 122 parts.
383) Got splitted into 114 parts.
384) Got splitted into 19 parts.
385) Got splitted into 36 parts.
386) Got splitted into 40 parts.
387) Got splitted into 24 parts.
388) Got splitted into 36 parts.
389) Got splitted into 115 parts.
390) Got splitted into 149 parts.
391) Got splitted into 158 parts.
392) Got splitted into 150 parts.
393) Got splitted into 141 parts.
394) Got splitted into 16 parts.
395) Got splitted into 20 parts.
396) Got splitted into 23 parts.
397) Got splitted into 27 parts.
398) Got splitted into 16 parts.
399) Got splitted into 94 parts.
400) Got splitted into 116 parts.
401) Got splitted into 106 parts.
402) Got splitted into 108 parts.
403) Got splitted into 108 parts.
404) Got splitted into 98 parts.
405) Got splitted into 125 parts.
406) Got splitted into 121 parts.
407) Got splitted into 111 parts.
408) Got splitted into 116 parts.
409) Got splitted into 94 parts.
410) Got splitted into 118 parts.
411) Got splitted into 116 parts.
412) Got splitted into 100 parts.
413) Got splitted into 108 parts.
414) Got splitted into 125 parts.
415) Got splitted into 116 parts.
416) Got splitted into 98 parts.
417) Got splitted into 106 parts.
418) Got splitted into 117 parts.
419) Got splitted into 16 parts.
420) Got splitted into 22 parts.
421) Got splitted into 16 parts.
422) Got splitted into 26 parts.
423) Got splitted into 23 parts.
424) Got splitted into 109 parts.
425) Got splitted into 115 parts.
426) Got splitted into 94 parts.
427) Got splitted into 105 parts.
428) Got splitted into 109 parts.
429) Got splitted into 16 parts.
430) Got splitted into 23 parts.
431) Got splitted into 23 parts.
432) Got splitted into 16 parts.
433) Got splitted into 26 parts.
434) Got splitted into 98 parts.
435) Got splitted into 124 parts.
436) Got splitted into 116 parts.
437) Got splitted into 114 parts.
438) Got splitted into 117 parts.
439) Got splitted into 23 parts.
440) Got splitted into 16 parts.
441) Got splitted into 23 parts.
442) Got splitted into 16 parts.
443) Got splitted into 27 parts.
444) Got splitted into 98 parts.
445) Got splitted into 116 parts.
446) Got splitted into 123 parts.
447) Got splitted into 112 parts.
448) Got splitted into 117 parts.
449) Got splitted into 94 parts.
450) Got splitted into 106 parts.
451) Got splitted into 115 parts.
452) Got splitted into 110 parts.
453) Got splitted into 103 parts.
454) Got splitted into 2 parts.
455) Got splitted into 2 parts.
456) Got splitted into 2 parts.
457) Got splitted into 2 parts.
458) Got splitted into 2 parts.
459) Got splitted into 2 parts.
460) Got splitted into 2 parts.
461) Got splitted into 2 parts.
462) Got splitted into 2 parts.
463) Got splitted into 2 parts.
464) Got splitted into 5 parts.
465) Got splitted into 5 parts.
466) Got splitted into 5 parts.
467) Got splitted into 5 parts.
468) Got splitted into 5 parts.
469) Got splitted into 59 parts.
470) Got splitted into 59 parts.
471) Got splitted into 59 parts.
472) Got splitted into 59 parts.
473) Got splitted into 59 parts.
474) Got splitted into 158 parts.
475) Got splitted into 158 parts.
476) Got splitted into 158 parts.
477) Got splitted into 158 parts.
478) Got splitted into 158 parts.
479) Got splitted into 79 parts.
480) Got splitted into 79 parts.
481) Got splitted into 79 parts.
482) Got splitted into 79 parts.
483) Got splitted into 79 parts.
484) Got splitted into 17 parts.
485) Got splitted into 17 parts.
486) Got splitted into 17 parts.
487) Got splitted into 17 parts.
488) Got splitted into 17 parts.
489) Got splitted into 12 parts.
490) Got splitted into 12 parts.
491) Got splitted into 12 parts.
492) Got splitted into 12 parts.
493) Got splitted into 12 parts.
494) Got splitted into 34 parts.
495) Got splitted into 34 parts.
496) Got splitted into 34 parts.
497) Got splitted into 34 parts.
498) Got splitted into 34 parts.
499) Got splitted into 2 parts.
500) Got splitted into 2 parts.
501) Got splitted into 2 parts.
502) Got splitted into 2 parts.
503) Got splitted into 2 parts.
504) Got splitted into 2 parts.
505) Got splitted into 2 parts.
506) Got splitted into 2 parts.
507) Got splitted into 2 parts.
508) Got splitted into 2 parts.
509) Got splitted into 5 parts.
510) Got splitted into 5 parts.
511) Got splitted into 5 parts.
512) Got splitted into 5 parts.
513) Got splitted into 5 parts.
514) Got splitted into 158 parts.
515) Got splitted into 158 parts.
516) Got splitted into 158 parts.
517) Got splitted into 158 parts.
518) Got splitted into 158 parts.
519) Got splitted into 59 parts.
520) Got splitted into 59 parts.
521) Got splitted into 59 parts.
522) Got splitted into 59 parts.
523) Got splitted into 59 parts.
524) Got splitted into 79 parts.
525) Got splitted into 79 parts.
526) Got splitted into 79 parts.
527) Got splitted into 79 parts.
528) Got splitted into 79 parts.
529) Got splitted into 17 parts.
530) Got splitted into 17 parts.
531) Got splitted into 17 parts.
532) Got splitted into 17 parts.
533) Got splitted into 17 parts.
534) Got splitted into 12 parts.
535) Got splitted into 12 parts.
536) Got splitted into 12 parts.
537) Got splitted into 12 parts.
538) Got splitted into 12 parts.
539) Got splitted into 34 parts.
540) Got splitted into 34 parts.
541) Got splitted into 34 parts.
542) Got splitted into 34 parts.
543) Got splitted into 34 parts.
544) Got splitted into 2 parts.
545) Got splitted into 2 parts.
546) Got splitted into 2 parts.
547) Got splitted into 2 parts.
548) Got splitted into 2 parts.
549) Got splitted into 5 parts.
550) Got splitted into 5 parts.
551) Got splitted into 5 parts.
552) Got splitted into 5 parts.
553) Got splitted into 5 parts.
554) Got splitted into 2 parts.
555) Got splitted into 2 parts.
556) Got splitted into 2 parts.
557) Got splitted into 2 parts.
558) Got splitted into 2 parts.
559) Got splitted into 59 parts.
560) Got splitted into 59 parts.
561) Got splitted into 59 parts.
562) Got splitted into 59 parts.
563) Got splitted into 59 parts.
564) Got splitted into 158 parts.
565) Got splitted into 158 parts.
566) Got splitted into 158 parts.
567) Got splitted into 158 parts.
568) Got splitted into 158 parts.
569) Got splitted into 79 parts.
570) Got splitted into 79 parts.
571) Got splitted into 79 parts.
572) Got splitted into 79 parts.
573) Got splitted into 79 parts.
574) Got splitted into 17 parts.
575) Got splitted into 17 parts.
576) Got splitted into 17 parts.
577) Got splitted into 17 parts.
578) Got splitted into 17 parts.
579) Got splitted into 34 parts.
580) Got splitted into 34 parts.
581) Got splitted into 34 parts.
582) Got splitted into 34 parts.
583) Got splitted into 34 parts.
584) Got splitted into 12 parts.
585) Got splitted into 12 parts.
586) Got splitted into 12 parts.
587) Got splitted into 12 parts.
588) Got splitted into 12 parts.
589) Got splitted into 2 parts.
590) Got splitted into 2 parts.
591) Got splitted into 2 parts.
592) Got splitted into 2 parts.
593) Got splitted into 2 parts.
594) Got splitted into 2 parts.
595) Got splitted into 2 parts.
596) Got splitted into 2 parts.
597) Got splitted into 2 parts.
598) Got splitted into 2 parts.
599) Got splitted into 5 parts.
600) Got splitted into 5 parts.
601) Got splitted into 5 parts.
602) Got splitted into 5 parts.
603) Got splitted into 5 parts.
604) Got splitted into 12 parts.
605) Got splitted into 12 parts.
606) Got splitted into 12 parts.
607) Got splitted into 12 parts.
608) Got splitted into 12 parts.
609) Got splitted into 17 parts.
610) Got splitted into 17 parts.
611) Got splitted into 17 parts.
612) Got splitted into 17 parts.
613) Got splitted into 17 parts.
614) Got splitted into 34 parts.
615) Got splitted into 34 parts.
616) Got splitted into 34 parts.
617) Got splitted into 34 parts.
618) Got splitted into 34 parts.
619) Got splitted into 59 parts.
620) Got splitted into 59 parts.
621) Got splitted into 59 parts.
622) Got splitted into 59 parts.
623) Got splitted into 59 parts.
624) Got splitted into 158 parts.
625) Got splitted into 158 parts.
626) Got splitted into 158 parts.
627) Got splitted into 158 parts.
628) Got splitted into 158 parts.
629) Got splitted into 79 parts.
630) Got splitted into 79 parts.
631) Got splitted into 79 parts.
632) Got splitted into 79 parts.
633) Got splitted into 79 parts.
634) Got splitted into 240 parts.
635) Got splitted into 258 parts.
636) Got splitted into 257 parts.
637) Got splitted into 251 parts.
638) Got splitted into 253 parts.
639) Got splitted into 13 parts.
640) Got splitted into 14 parts.
641) Got splitted into 16 parts.
642) Got splitted into 20 parts.
643) Got splitted into 17 parts.
644) Got splitted into 73 parts.
645) Got splitted into 73 parts.
646) Got splitted into 64 parts.
647) Got splitted into 66 parts.
648) Got splitted into 74 parts.
649) Got splitted into 297 parts.
650) Got splitted into 333 parts.
651) Got splitted into 323 parts.
652) Got splitted into 314 parts.
653) Got splitted into 312 parts.
654) Got splitted into 13 parts.
655) Got splitted into 20 parts.
656) Got splitted into 14 parts.
657) Got splitted into 15 parts.
658) Got splitted into 17 parts.
659) Got splitted into 64 parts.
660) Got splitted into 74 parts.
661) Got splitted into 73 parts.
662) Got splitted into 69 parts.
663) Got splitted into 73 parts.
664) Got splitted into 258 parts.
665) Got splitted into 240 parts.
666) Got splitted into 254 parts.
667) Got splitted into 249 parts.
668) Got splitted into 252 parts.
669) Got splitted into 297 parts.
670) Got splitted into 332 parts.
671) Got splitted into 315 parts.
672) Got splitted into 312 parts.
673) Got splitted into 313 parts.
674) Got splitted into 240 parts.
675) Got splitted into 258 parts.
676) Got splitted into 256 parts.
677) Got splitted into 260 parts.
678) Got splitted into 252 parts.
679) Got splitted into 64 parts.
680) Got splitted into 73 parts.
681) Got splitted into 74 parts.
682) Got splitted into 73 parts.
683) Got splitted into 73 parts.
684) Got splitted into 20 parts.
685) Got splitted into 13 parts.
686) Got splitted into 14 parts.
687) Got splitted into 16 parts.
688) Got splitted into 16 parts.
689) Got splitted into 297 parts.
690) Got splitted into 333 parts.
691) Got splitted into 318 parts.
692) Got splitted into 311 parts.
693) Got splitted into 313 parts.
694) Got splitted into 258 parts.
695) Got splitted into 240 parts.
696) Got splitted into 258 parts.
697) Got splitted into 257 parts.
698) Got splitted into 251 parts.
699) Got splitted into 332 parts.
700) Got splitted into 297 parts.
701) Got splitted into 314 parts.
702) Got splitted into 319 parts.
703) Got splitted into 313 parts.
704) Got splitted into 64 parts.
705) Got splitted into 75 parts.
706) Got splitted into 73 parts.
707) Got splitted into 72 parts.
708) Got splitted into 73 parts.
709) Got splitted into 13 parts.
710) Got splitted into 20 parts.
711) Got splitted into 16 parts.
712) Got splitted into 14 parts.
713) Got splitted into 16 parts.
714) Got splitted into 160 parts.
715) Got splitted into 164 parts.
716) Got splitted into 161 parts.
717) Got splitted into 161 parts.
718) Got splitted into 162 parts.
719) Got splitted into 8 parts.
720) Got splitted into 9 parts.
721) Got splitted into 8 parts.
722) Got splitted into 9 parts.
723) Got splitted into 8 parts.
724) Got splitted into 47 parts.
725) Got splitted into 50 parts.
726) Got splitted into 50 parts.
727) Got splitted into 49 parts.
728) Got splitted into 49 parts.
729) Got splitted into 150 parts.
730) Got splitted into 138 parts.
731) Got splitted into 146 parts.
732) Got splitted into 145 parts.
733) Got splitted into 144 parts.
734) Got splitted into 160 parts.
735) Got splitted into 164 parts.
736) Got splitted into 165 parts.
737) Got splitted into 162 parts.
738) Got splitted into 162 parts.
739) Got splitted into 8 parts.
740) Got splitted into 9 parts.
741) Got splitted into 8 parts.
742) Got splitted into 9 parts.
743) Got splitted into 8 parts.
744) Got splitted into 47 parts.
745) Got splitted into 50 parts.
746) Got splitted into 47 parts.
747) Got splitted into 47 parts.
748) Got splitted into 49 parts.
749) Got splitted into 138 parts.
750) Got splitted into 150 parts.
751) Got splitted into 144 parts.
752) Got splitted into 148 parts.
753) Got splitted into 144 parts.
754) Got splitted into 160 parts.
755) Got splitted into 161 parts.
756) Got splitted into 164 parts.
757) Got splitted into 166 parts.
758) Got splitted into 163 parts.
759) Got splitted into 8 parts.
760) Got splitted into 9 parts.
761) Got splitted into 9 parts.
762) Got splitted into 8 parts.
763) Got splitted into 9 parts.
764) Got splitted into 150 parts.
765) Got splitted into 138 parts.
766) Got splitted into 147 parts.
767) Got splitted into 144 parts.
768) Got splitted into 144 parts.
769) Got splitted into 47 parts.
770) Got splitted into 51 parts.
771) Got splitted into 50 parts.
772) Got splitted into 49 parts.
773) Got splitted into 49 parts.
774) Got splitted into 160 parts.
775) Got splitted into 164 parts.
776) Got splitted into 161 parts.
777) Got splitted into 163 parts.
778) Got splitted into 163 parts.
779) Got splitted into 47 parts.
780) Got splitted into 50 parts.
781) Got splitted into 50 parts.
782) Got splitted into 49 parts.
783) Got splitted into 50 parts.
784) Got splitted into 138 parts.
785) Got splitted into 150 parts.
786) Got splitted into 147 parts.
787) Got splitted into 144 parts.
788) Got splitted into 144 parts.
789) Got splitted into 8 parts.
790) Got splitted into 9 parts.
791) Got splitted into 9 parts.
792) Got splitted into 8 parts.
793) Got splitted into 9 parts.
794) Got splitted into 19 parts.
795) Got splitted into 28 parts.
796) Got splitted into 30 parts.
797) Got splitted into 21 parts.
798) Got splitted into 33 parts.
799) Got splitted into 115 parts.
800) Got splitted into 158 parts.
801) Got splitted into 146 parts.
802) Got splitted into 146 parts.
803) Got splitted into 139 parts.
804) Got splitted into 19 parts.
805) Got splitted into 28 parts.
806) Got splitted into 30 parts.
807) Got splitted into 20 parts.
808) Got splitted into 33 parts.
809) Got splitted into 115 parts.
810) Got splitted into 158 parts.
811) Got splitted into 153 parts.
812) Got splitted into 148 parts.
813) Got splitted into 125 parts.
814) Got splitted into 19 parts.
815) Got splitted into 28 parts.
816) Got splitted into 31 parts.
817) Got splitted into 34 parts.
818) Got splitted into 22 parts.
819) Got splitted into 115 parts.
820) Got splitted into 158 parts.
821) Got splitted into 145 parts.
822) Got splitted into 146 parts.
823) Got splitted into 136 parts.
824) Got splitted into 115 parts.
825) Got splitted into 145 parts.
826) Got splitted into 141 parts.
827) Got splitted into 160 parts.
828) Got splitted into 146 parts.
829) Got splitted into 19 parts.
830) Got splitted into 28 parts.
831) Got splitted into 32 parts.
832) Got splitted into 23 parts.
833) Got splitted into 32 parts.
834) Got splitted into 98 parts.
835) Got splitted into 115 parts.
836) Got splitted into 119 parts.
837) Got splitted into 104 parts.
838) Got splitted into 119 parts.
839) Got splitted into 243 parts.
840) Got splitted into 274 parts.
841) Got splitted into 274 parts.
842) Got splitted into 257 parts.
843) Got splitted into 264 parts.
844) Got splitted into 26 parts.
845) Got splitted into 21 parts.
846) Got splitted into 16 parts.
847) Got splitted into 17 parts.
848) Got splitted into 24 parts.
849) Got splitted into 16 parts.
850) Got splitted into 26 parts.
851) Got splitted into 22 parts.
852) Got splitted into 16 parts.
853) Got splitted into 24 parts.
854) Got splitted into 119 parts.
855) Got splitted into 116 parts.
856) Got splitted into 98 parts.
857) Got splitted into 109 parts.
858) Got splitted into 113 parts.
859) Got splitted into 118 parts.
860) Got splitted into 114 parts.
861) Got splitted into 98 parts.
862) Got splitted into 108 parts.
863) Got splitted into 118 parts.
864) Got splitted into 16 parts.
865) Got splitted into 26 parts.
866) Got splitted into 22 parts.
867) Got splitted into 16 parts.
868) Got splitted into 23 parts.
869) Got splitted into 16 parts.
870) Got splitted into 26 parts.
871) Got splitted into 22 parts.
872) Got splitted into 24 parts.
873) Got splitted into 17 parts.
874) Got splitted into 118 parts.
875) Got splitted into 98 parts.
876) Got splitted into 121 parts.
877) Got splitted into 115 parts.
878) Got splitted into 115 parts.
879) Got splitted into 2 parts.
880) Got splitted into 2 parts.
881) Got splitted into 2 parts.
882) Got splitted into 2 parts.
883) Got splitted into 2 parts.
884) Got splitted into 5 parts.
885) Got splitted into 5 parts.
886) Got splitted into 5 parts.
887) Got splitted into 5 parts.
888) Got splitted into 5 parts.
889) Got splitted into 2 parts.
890) Got splitted into 2 parts.
891) Got splitted into 2 parts.
892) Got splitted into 2 parts.
893) Got splitted into 2 parts.
894) Got splitted into 12 parts.
895) Got splitted into 12 parts.
896) Got splitted into 12 parts.
897) Got splitted into 12 parts.
898) Got splitted into 12 parts.
899) Got splitted into 34 parts.
900) Got splitted into 34 parts.
901) Got splitted into 34 parts.
902) Got splitted into 34 parts.
903) Got splitted into 34 parts.
904) Got splitted into 17 parts.
905) Got splitted into 17 parts.
906) Got splitted into 17 parts.
907) Got splitted into 17 parts.
908) Got splitted into 17 parts.
909) Got splitted into 79 parts.
910) Got splitted into 79 parts.
911) Got splitted into 79 parts.
912) Got splitted into 79 parts.
913) Got splitted into 79 parts.
914) Got splitted into 158 parts.
915) Got splitted into 158 parts.
916) Got splitted into 158 parts.
917) Got splitted into 158 parts.
918) Got splitted into 158 parts.
919) Got splitted into 59 parts.
920) Got splitted into 59 parts.
921) Got splitted into 59 parts.
922) Got splitted into 59 parts.
923) Got splitted into 59 parts.
924) Got splitted into 2 parts.
925) Got splitted into 2 parts.
926) Got splitted into 2 parts.
927) Got splitted into 2 parts.
928) Got splitted into 2 parts.
929) Got splitted into 2 parts.
930) Got splitted into 2 parts.
931) Got splitted into 2 parts.
932) Got splitted into 2 parts.
933) Got splitted into 2 parts.
934) Got splitted into 5 parts.
935) Got splitted into 5 parts.
936) Got splitted into 5 parts.
937) Got splitted into 5 parts.
938) Got splitted into 5 parts.
939) Got splitted into 79 parts.
940) Got splitted into 79 parts.
941) Got splitted into 79 parts.
942) Got splitted into 79 parts.
943) Got splitted into 79 parts.
944) Got splitted into 158 parts.
945) Got splitted into 158 parts.
946) Got splitted into 158 parts.
947) Got splitted into 158 parts.
948) Got splitted into 158 parts.
949) Got splitted into 59 parts.
950) Got splitted into 59 parts.
951) Got splitted into 59 parts.
952) Got splitted into 59 parts.
953) Got splitted into 59 parts.
954) Got splitted into 12 parts.
955) Got splitted into 12 parts.
956) Got splitted into 12 parts.
957) Got splitted into 12 parts.
958) Got splitted into 12 parts.
959) Got splitted into 17 parts.
960) Got splitted into 17 parts.
961) Got splitted into 17 parts.
962) Got splitted into 17 parts.
963) Got splitted into 17 parts.
964) Got splitted into 34 parts.
965) Got splitted into 34 parts.
966) Got splitted into 34 parts.
967) Got splitted into 34 parts.
968) Got splitted into 34 parts.
969) Got splitted into 2 parts.
970) Got splitted into 2 parts.
971) Got splitted into 2 parts.
972) Got splitted into 2 parts.
973) Got splitted into 2 parts.
974) Got splitted into 5 parts.
975) Got splitted into 5 parts.
976) Got splitted into 5 parts.
977) Got splitted into 5 parts.
978) Got splitted into 5 parts.
979) Got splitted into 2 parts.
980) Got splitted into 2 parts.
981) Got splitted into 2 parts.
982) Got splitted into 2 parts.
983) Got splitted into 2 parts.
984) Got splitted into 59 parts.
985) Got splitted into 59 parts.
986) Got splitted into 59 parts.
987) Got splitted into 59 parts.
988) Got splitted into 59 parts.
989) Got splitted into 79 parts.
990) Got splitted into 79 parts.
991) Got splitted into 79 parts.
992) Got splitted into 79 parts.
993) Got splitted into 79 parts.
994) Got splitted into 158 parts.
995) Got splitted into 158 parts.
996) Got splitted into 158 parts.
997) Got splitted into 158 parts.
998) Got splitted into 158 parts.
999) Got splitted into 12 parts.
1000) Got splitted into 12 parts.
1001) Got splitted into 12 parts.
1002) Got splitted into 12 parts.
1003) Got splitted into 12 parts.
1004) Got splitted into 34 parts.
1005) Got splitted into 34 parts.
1006) Got splitted into 34 parts.
1007) Got splitted into 34 parts.
1008) Got splitted into 34 parts.
1009) Got splitted into 17 parts.
1010) Got splitted into 17 parts.
1011) Got splitted into 17 parts.
1012) Got splitted into 17 parts.
1013) Got splitted into 17 parts.
1014) Got splitted into 2 parts.
1015) Got splitted into 2 parts.
1016) Got splitted into 2 parts.
1017) Got splitted into 2 parts.
1018) Got splitted into 2 parts.
1019) Got splitted into 5 parts.
1020) Got splitted into 5 parts.
1021) Got splitted into 5 parts.
1022) Got splitted into 5 parts.
1023) Got splitted into 5 parts.
1024) Got splitted into 2 parts.
1025) Got splitted into 2 parts.
1026) Got splitted into 2 parts.
1027) Got splitted into 2 parts.
1028) Got splitted into 2 parts.
1029) Got splitted into 12 parts.
1030) Got splitted into 12 parts.
1031) Got splitted into 12 parts.
1032) Got splitted into 12 parts.
1033) Got splitted into 12 parts.
1034) Got splitted into 34 parts.
1035) Got splitted into 34 parts.
1036) Got splitted into 34 parts.
1037) Got splitted into 34 parts.
1038) Got splitted into 34 parts.
1039) Got splitted into 17 parts.
1040) Got splitted into 17 parts.
1041) Got splitted into 17 parts.
1042) Got splitted into 17 parts.
1043) Got splitted into 17 parts.
1044) Got splitted into 79 parts.
1045) Got splitted into 79 parts.
1046) Got splitted into 79 parts.
1047) Got splitted into 79 parts.
1048) Got splitted into 79 parts.
1049) Got splitted into 59 parts.
1050) Got splitted into 59 parts.
1051) Got splitted into 59 parts.
1052) Got splitted into 59 parts.
1053) Got splitted into 59 parts.
1054) Got splitted into 158 parts.
1055) Got splitted into 158 parts.
1056) Got splitted into 158 parts.
1057) Got splitted into 158 parts.
1058) Got splitted into 158 parts.
1059) Got splitted into 114 parts.
1060) Got splitted into 115 parts.
1061) Got splitted into 91 parts.
1062) Got splitted into 113 parts.
1063) Got splitted into 93 parts.
1064) Got splitted into 16 parts.
1065) Got splitted into 19 parts.
1066) Got splitted into 22 parts.
1067) Got splitted into 16 parts.
1068) Got splitted into 22 parts.
1069) Got splitted into 98 parts.
1070) Got splitted into 113 parts.
1071) Got splitted into 129 parts.
1072) Got splitted into 102 parts.
1073) Got splitted into 118 parts.
1074) Got splitted into 91 parts.
1075) Got splitted into 114 parts.
1076) Got splitted into 111 parts.
1077) Got splitted into 113 parts.
1078) Got splitted into 106 parts.
1079) Got splitted into 16 parts.
1080) Got splitted into 23 parts.
1081) Got splitted into 19 parts.
1082) Got splitted into 16 parts.
1083) Got splitted into 22 parts.
1084) Got splitted into 116 parts.
1085) Got splitted into 129 parts.
1086) Got splitted into 115 parts.
1087) Got splitted into 98 parts.
1088) Got splitted into 111 parts.
1089) Got splitted into 19 parts.
1090) Got splitted into 16 parts.
1091) Got splitted into 23 parts.
1092) Got splitted into 23 parts.
1093) Got splitted into 16 parts.
1094) Got splitted into 116 parts.
1095) Got splitted into 91 parts.
1096) Got splitted into 113 parts.
1097) Got splitted into 109 parts.
1098) Got splitted into 107 parts.
1099) Got splitted into 98 parts.
1100) Got splitted into 129 parts.
1101) Got splitted into 113 parts.
1102) Got splitted into 114 parts.
1103) Got splitted into 117 parts.
1104) Got splitted into 91 parts.
1105) Got splitted into 114 parts.
1106) Got splitted into 112 parts.
1107) Got splitted into 112 parts.
1108) Got splitted into 107 parts.
1109) Got splitted into 98 parts.
1110) Got splitted into 129 parts.
1111) Got splitted into 113 parts.
1112) Got splitted into 117 parts.
1113) Got splitted into 110 parts.
1114) Got splitted into 16 parts.
1115) Got splitted into 19 parts.
1116) Got splitted into 16 parts.
1117) Got splitted into 21 parts.
1118) Got splitted into 23 parts.
1119) Got splitted into 64 parts.
1120) Got splitted into 73 parts.
1121) Got splitted into 77 parts.
1122) Got splitted into 72 parts.
1123) Got splitted into 73 parts.
1124) Got splitted into 13 parts.
1125) Got splitted into 16 parts.
1126) Got splitted into 14 parts.
1127) Got splitted into 16 parts.
1128) Got splitted into 16 parts.
1129) Got splitted into 88 parts.
1130) Got splitted into 99 parts.
1131) Got splitted into 99 parts.
1132) Got splitted into 100 parts.
1133) Got splitted into 99 parts.
1134) Got splitted into 297 parts.
1135) Got splitted into 317 parts.
1136) Got splitted into 312 parts.
1137) Got splitted into 318 parts.
1138) Got splitted into 313 parts.
1139) Got splitted into 13 parts.
1140) Got splitted into 16 parts.
1141) Got splitted into 15 parts.
1142) Got splitted into 14 parts.
1143) Got splitted into 16 parts.
1144) Got splitted into 64 parts.
1145) Got splitted into 77 parts.
1146) Got splitted into 67 parts.
1147) Got splitted into 74 parts.
1148) Got splitted into 73 parts.
1149) Got splitted into 88 parts.
1150) Got splitted into 102 parts.
1151) Got splitted into 99 parts.
1152) Got splitted into 90 parts.
1153) Got splitted into 99 parts.
1154) Got splitted into 297 parts.
1155) Got splitted into 318 parts.
1156) Got splitted into 321 parts.
1157) Got splitted into 304 parts.
1158) Got splitted into 312 parts.
1159) Got splitted into 13 parts.
1160) Got splitted into 16 parts.
1161) Got splitted into 16 parts.
1162) Got splitted into 14 parts.
1163) Got splitted into 16 parts.
1164) Got splitted into 64 parts.
1165) Got splitted into 77 parts.
1166) Got splitted into 71 parts.
1167) Got splitted into 73 parts.
1168) Got splitted into 73 parts.
1169) Got splitted into 318 parts.
1170) Got splitted into 320 parts.
1171) Got splitted into 297 parts.
1172) Got splitted into 315 parts.
1173) Got splitted into 312 parts.
1174) Got splitted into 103 parts.
1175) Got splitted into 99 parts.
1176) Got splitted into 88 parts.
1177) Got splitted into 99 parts.
1178) Got splitted into 99 parts.
1179) Got splitted into 99 parts.
1180) Got splitted into 103 parts.
1181) Got splitted into 88 parts.
1182) Got splitted into 101 parts.
1183) Got splitted into 99 parts.
1184) Got splitted into 13 parts.
1185) Got splitted into 15 parts.
1186) Got splitted into 16 parts.
1187) Got splitted into 14 parts.
1188) Got splitted into 16 parts.
1189) Got splitted into 77 parts.
1190) Got splitted into 75 parts.
1191) Got splitted into 64 parts.
1192) Got splitted into 72 parts.
1193) Got splitted into 73 parts.
1194) Got splitted into 297 parts.
1195) Got splitted into 319 parts.
1196) Got splitted into 321 parts.
1197) Got splitted into 311 parts.
1198) Got splitted into 317 parts.
1199) Got splitted into 82 parts.
1200) Got splitted into 85 parts.
1201) Got splitted into 89 parts.
1202) Got splitted into 84 parts.
1203) Got splitted into 86 parts.
1204) Got splitted into 138 parts.
1205) Got splitted into 149 parts.
1206) Got splitted into 150 parts.
1207) Got splitted into 142 parts.
1208) Got splitted into 144 parts.
1209) Got splitted into 8 parts.
1210) Got splitted into 8 parts.
1211) Got splitted into 8 parts.
1212) Got splitted into 8 parts.
1213) Got splitted into 9 parts.
1214) Got splitted into 47 parts.
1215) Got splitted into 48 parts.
1216) Got splitted into 50 parts.
1217) Got splitted into 51 parts.
1218) Got splitted into 49 parts.
1219) Got splitted into 8 parts.
1220) Got splitted into 8 parts.
1221) Got splitted into 9 parts.
1222) Got splitted into 8 parts.
1223) Got splitted into 9 parts.
1224) Got splitted into 82 parts.
1225) Got splitted into 85 parts.
1226) Got splitted into 89 parts.
1227) Got splitted into 86 parts.
1228) Got splitted into 86 parts.
1229) Got splitted into 138 parts.
1230) Got splitted into 148 parts.
1231) Got splitted into 149 parts.
1232) Got splitted into 147 parts.
1233) Got splitted into 144 parts.
1234) Got splitted into 50 parts.
1235) Got splitted into 49 parts.
1236) Got splitted into 47 parts.
1237) Got splitted into 49 parts.
1238) Got splitted into 49 parts.
1239) Got splitted into 85 parts.
1240) Got splitted into 82 parts.
1241) Got splitted into 87 parts.
1242) Got splitted into 87 parts.
1243) Got splitted into 86 parts.
1244) Got splitted into 8 parts.
1245) Got splitted into 8 parts.
1246) Got splitted into 8 parts.
1247) Got splitted into 8 parts.
1248) Got splitted into 9 parts.
1249) Got splitted into 138 parts.
1250) Got splitted into 146 parts.
1251) Got splitted into 149 parts.
1252) Got splitted into 144 parts.
1253) Got splitted into 146 parts.
1254) Got splitted into 47 parts.
1255) Got splitted into 50 parts.
1256) Got splitted into 50 parts.
1257) Got splitted into 49 parts.
1258) Got splitted into 51 parts.
1259) Got splitted into 82 parts.
1260) Got splitted into 85 parts.
1261) Got splitted into 90 parts.
1262) Got splitted into 86 parts.
1263) Got splitted into 87 parts.
1264) Got splitted into 8 parts.
1265) Got splitted into 8 parts.
1266) Got splitted into 8 parts.
1267) Got splitted into 9 parts.
1268) Got splitted into 9 parts.
1269) Got splitted into 47 parts.
1270) Got splitted into 50 parts.
1271) Got splitted into 50 parts.
1272) Got splitted into 49 parts.
1273) Got splitted into 49 parts.
1274) Got splitted into 138 parts.
1275) Got splitted into 149 parts.
1276) Got splitted into 144 parts.
1277) Got splitted into 147 parts.
1278) Got splitted into 147 parts.
1279) Got splitted into 285 parts.
1280) Got splitted into 249 parts.
1281) Got splitted into 288 parts.
1282) Got splitted into 277 parts.
1283) Got splitted into 287 parts.
1284) Got splitted into 115 parts.
1285) Got splitted into 177 parts.
1286) Got splitted into 145 parts.
1287) Got splitted into 145 parts.
1288) Got splitted into 132 parts.
1289) Got splitted into 33 parts.
1290) Got splitted into 19 parts.
1291) Got splitted into 30 parts.
1292) Got splitted into 33 parts.
1293) Got splitted into 21 parts.
1294) Got splitted into 285 parts.
1295) Got splitted into 285 parts.
1296) Got splitted into 252 parts.
1297) Got splitted into 249 parts.
1298) Got splitted into 288 parts.
1299) Got splitted into 19 parts.
1300) Got splitted into 33 parts.
1301) Got splitted into 35 parts.
1302) Got splitted into 21 parts.
1303) Got splitted into 33 parts.
1304) Got splitted into 115 parts.
1305) Got splitted into 178 parts.
1306) Got splitted into 127 parts.
1307) Got splitted into 148 parts.
1308) Got splitted into 145 parts.
1309) Got splitted into 249 parts.
1310) Got splitted into 285 parts.
1311) Got splitted into 286 parts.
1312) Got splitted into 285 parts.
1313) Got splitted into 288 parts.
1314) Got splitted into 115 parts.
1315) Got splitted into 178 parts.
1316) Got splitted into 148 parts.
1317) Got splitted into 149 parts.
1318) Got splitted into 141 parts.
1319) Got splitted into 34 parts.
1320) Got splitted into 19 parts.
1321) Got splitted into 32 parts.
1322) Got splitted into 23 parts.
1323) Got splitted into 32 parts.
1324) Got splitted into 291 parts.
1325) Got splitted into 285 parts.
1326) Got splitted into 249 parts.
1327) Got splitted into 285 parts.
1328) Got splitted into 287 parts.
1329) Got splitted into 115 parts.
1330) Got splitted into 172 parts.
1331) Got splitted into 147 parts.
1332) Got splitted into 145 parts.
1333) Got splitted into 143 parts.
1334) Got splitted into 33 parts.
1335) Got splitted into 34 parts.
1336) Got splitted into 23 parts.
1337) Got splitted into 19 parts.
1338) Got splitted into 33 parts.
1339) Got splitted into 2 parts.
1340) Got splitted into 2 parts.
1341) Got splitted into 2 parts.
1342) Got splitted into 2 parts.
1343) Got splitted into 2 parts.
1344) Got splitted into 5 parts.
1345) Got splitted into 5 parts.
1346) Got splitted into 5 parts.
1347) Got splitted into 5 parts.
1348) Got splitted into 5 parts.
1349) Got splitted into 2 parts.
1350) Got splitted into 2 parts.
1351) Got splitted into 2 parts.
1352) Got splitted into 2 parts.
1353) Got splitted into 2 parts.
1354) Got splitted into 12 parts.
1355) Got splitted into 12 parts.
1356) Got splitted into 12 parts.
1357) Got splitted into 12 parts.
1358) Got splitted into 12 parts.
1359) Got splitted into 34 parts.
1360) Got splitted into 34 parts.
1361) Got splitted into 34 parts.
1362) Got splitted into 34 parts.
1363) Got splitted into 34 parts.
1364) Got splitted into 17 parts.
1365) Got splitted into 17 parts.
1366) Got splitted into 17 parts.
1367) Got splitted into 17 parts.
1368) Got splitted into 17 parts.
1369) Got splitted into 59 parts.
1370) Got splitted into 59 parts.
1371) Got splitted into 59 parts.
1372) Got splitted into 59 parts.
1373) Got splitted into 59 parts.
1374) Got splitted into 79 parts.
1375) Got splitted into 79 parts.
1376) Got splitted into 79 parts.
1377) Got splitted into 79 parts.
1378) Got splitted into 79 parts.
1379) Got splitted into 158 parts.
1380) Got splitted into 158 parts.
1381) Got splitted into 158 parts.
1382) Got splitted into 158 parts.
1383) Got splitted into 158 parts.
1384) Got splitted into 2 parts.
1385) Got splitted into 2 parts.
1386) Got splitted into 2 parts.
1387) Got splitted into 2 parts.
1388) Got splitted into 2 parts.
1389) Got splitted into 2 parts.
1390) Got splitted into 2 parts.
1391) Got splitted into 2 parts.
1392) Got splitted into 2 parts.
1393) Got splitted into 2 parts.
1394) Got splitted into 5 parts.
1395) Got splitted into 5 parts.
1396) Got splitted into 5 parts.
1397) Got splitted into 5 parts.
1398) Got splitted into 5 parts.
1399) Got splitted into 12 parts.
1400) Got splitted into 12 parts.
1401) Got splitted into 12 parts.
1402) Got splitted into 12 parts.
1403) Got splitted into 12 parts.
1404) Got splitted into 17 parts.
1405) Got splitted into 17 parts.
1406) Got splitted into 17 parts.
1407) Got splitted into 17 parts.
1408) Got splitted into 17 parts.
1409) Got splitted into 34 parts.
1410) Got splitted into 34 parts.
1411) Got splitted into 34 parts.
1412) Got splitted into 34 parts.
1413) Got splitted into 34 parts.
1414) Got splitted into 59 parts.
1415) Got splitted into 59 parts.
1416) Got splitted into 59 parts.
1417) Got splitted into 59 parts.
1418) Got splitted into 59 parts.
1419) Got splitted into 79 parts.
1420) Got splitted into 79 parts.
1421) Got splitted into 79 parts.
1422) Got splitted into 79 parts.
1423) Got splitted into 79 parts.
1424) Got splitted into 158 parts.
1425) Got splitted into 158 parts.
1426) Got splitted into 158 parts.
1427) Got splitted into 158 parts.
1428) Got splitted into 158 parts.
1429) Got splitted into 2 parts.
1430) Got splitted into 2 parts.
1431) Got splitted into 2 parts.
1432) Got splitted into 2 parts.
1433) Got splitted into 2 parts.
1434) Got splitted into 2 parts.
1435) Got splitted into 2 parts.
1436) Got splitted into 2 parts.
1437) Got splitted into 2 parts.
1438) Got splitted into 2 parts.
1439) Got splitted into 5 parts.
1440) Got splitted into 5 parts.
1441) Got splitted into 5 parts.
1442) Got splitted into 5 parts.
1443) Got splitted into 5 parts.
1444) Got splitted into 12 parts.
1445) Got splitted into 12 parts.
1446) Got splitted into 12 parts.
1447) Got splitted into 12 parts.
1448) Got splitted into 12 parts.
1449) Got splitted into 17 parts.
1450) Got splitted into 17 parts.
1451) Got splitted into 17 parts.
1452) Got splitted into 17 parts.
1453) Got splitted into 17 parts.
1454) Got splitted into 34 parts.
1455) Got splitted into 34 parts.
1456) Got splitted into 34 parts.
1457) Got splitted into 34 parts.
1458) Got splitted into 34 parts.
1459) Got splitted into 59 parts.
1460) Got splitted into 59 parts.
1461) Got splitted into 59 parts.
1462) Got splitted into 59 parts.
1463) Got splitted into 59 parts.
1464) Got splitted into 79 parts.
1465) Got splitted into 79 parts.
1466) Got splitted into 79 parts.
1467) Got splitted into 79 parts.
1468) Got splitted into 79 parts.
1469) Got splitted into 158 parts.
1470) Got splitted into 158 parts.
1471) Got splitted into 158 parts.
1472) Got splitted into 158 parts.
1473) Got splitted into 158 parts.
1474) Got splitted into 2 parts.
1475) Got splitted into 2 parts.
1476) Got splitted into 2 parts.
1477) Got splitted into 2 parts.
1478) Got splitted into 2 parts.
1479) Got splitted into 2 parts.
1480) Got splitted into 2 parts.
1481) Got splitted into 2 parts.
1482) Got splitted into 2 parts.
1483) Got splitted into 2 parts.
1484) Got splitted into 5 parts.
1485) Got splitted into 5 parts.
1486) Got splitted into 5 parts.
1487) Got splitted into 5 parts.
1488) Got splitted into 5 parts.
1489) Got splitted into 79 parts.
1490) Got splitted into 79 parts.
1491) Got splitted into 79 parts.
1492) Got splitted into 79 parts.
1493) Got splitted into 79 parts.
1494) Got splitted into 59 parts.
1495) Got splitted into 59 parts.
1496) Got splitted into 59 parts.
1497) Got splitted into 59 parts.
1498) Got splitted into 59 parts.
1499) Got splitted into 158 parts.
1500) Got splitted into 158 parts.
1501) Got splitted into 158 parts.
1502) Got splitted into 158 parts.
1503) Got splitted into 158 parts.
1504) Got splitted into 12 parts.
1505) Got splitted into 12 parts.
1506) Got splitted into 12 parts.
1507) Got splitted into 12 parts.
1508) Got splitted into 12 parts.
1509) Got splitted into 17 parts.
1510) Got splitted into 17 parts.
1511) Got splitted into 17 parts.
1512) Got splitted into 17 parts.
1513) Got splitted into 17 parts.
1514) Got splitted into 34 parts.
1515) Got splitted into 34 parts.
1516) Got splitted into 34 parts.
1517) Got splitted into 34 parts.
1518) Got splitted into 34 parts.
1519) Got splitted into 8 parts.
1520) Got splitted into 8 parts.
1521) Got splitted into 9 parts.
1522) Got splitted into 8 parts.
1523) Got splitted into 9 parts.
1524) Got splitted into 175 parts.
1525) Got splitted into 181 parts.
1526) Got splitted into 179 parts.
1527) Got splitted into 175 parts.
1528) Got splitted into 180 parts.
1529) Got splitted into 49 parts.
1530) Got splitted into 47 parts.
1531) Got splitted into 51 parts.
1532) Got splitted into 48 parts.
1533) Got splitted into 49 parts.
1534) Got splitted into 138 parts.
1535) Got splitted into 146 parts.
1536) Got splitted into 149 parts.
1537) Got splitted into 145 parts.
1538) Got splitted into 141 parts.
1539) Got splitted into 181 parts.
1540) Got splitted into 175 parts.
1541) Got splitted into 179 parts.
1542) Got splitted into 178 parts.
1543) Got splitted into 179 parts.
1544) Got splitted into 146 parts.
1545) Got splitted into 147 parts.
1546) Got splitted into 138 parts.
1547) Got splitted into 146 parts.
1548) Got splitted into 145 parts.
1549) Got splitted into 8 parts.
1550) Got splitted into 9 parts.
1551) Got splitted into 8 parts.
1552) Got splitted into 8 parts.
1553) Got splitted into 9 parts.
1554) Got splitted into 47 parts.
1555) Got splitted into 49 parts.
1556) Got splitted into 49 parts.
1557) Got splitted into 50 parts.
1558) Got splitted into 49 parts.
1559) Got splitted into 181 parts.
1560) Got splitted into 175 parts.
1561) Got splitted into 181 parts.
1562) Got splitted into 180 parts.
1563) Got splitted into 180 parts.
1564) Got splitted into 8 parts.
1565) Got splitted into 8 parts.
1566) Got splitted into 9 parts.
1567) Got splitted into 8 parts.
1568) Got splitted into 9 parts.
1569) Got splitted into 138 parts.
1570) Got splitted into 146 parts.
1571) Got splitted into 147 parts.
1572) Got splitted into 147 parts.
1573) Got splitted into 144 parts.
1574) Got splitted into 47 parts.
1575) Got splitted into 49 parts.
1576) Got splitted into 49 parts.
1577) Got splitted into 49 parts.
1578) Got splitted into 49 parts.
1579) Got splitted into 181 parts.
1580) Got splitted into 175 parts.
1581) Got splitted into 180 parts.
1582) Got splitted into 179 parts.
1583) Got splitted into 182 parts.
1584) Got splitted into 8 parts.
1585) Got splitted into 8 parts.
1586) Got splitted into 9 parts.
1587) Got splitted into 8 parts.
1588) Got splitted into 9 parts.
1589) Got splitted into 47 parts.
1590) Got splitted into 49 parts.
1591) Got splitted into 49 parts.
1592) Got splitted into 49 parts.
1593) Got splitted into 50 parts.
1594) Got splitted into 138 parts.
1595) Got splitted into 147 parts.
1596) Got splitted into 143 parts.
1597) Got splitted into 145 parts.
1598) Got splitted into 144 parts.
1599) Got splitted into 204 parts.
1600) Got splitted into 181 parts.
1601) Got splitted into 191 parts.
1602) Got splitted into 191 parts.
1603) Got splitted into 191 parts.
1604) Got splitted into 13 parts.
1605) Got splitted into 15 parts.
1606) Got splitted into 16 parts.
1607) Got splitted into 14 parts.
1608) Got splitted into 19 parts.
1609) Got splitted into 64 parts.
1610) Got splitted into 75 parts.
1611) Got splitted into 74 parts.
1612) Got splitted into 72 parts.
1613) Got splitted into 72 parts.
1614) Got splitted into 297 parts.
1615) Got splitted into 314 parts.
1616) Got splitted into 315 parts.
1617) Got splitted into 315 parts.
1618) Got splitted into 314 parts.
1619) Got splitted into 181 parts.
1620) Got splitted into 204 parts.
1621) Got splitted into 189 parts.
1622) Got splitted into 193 parts.
1623) Got splitted into 181 parts.
1624) Got splitted into 15 parts.
1625) Got splitted into 13 parts.
1626) Got splitted into 16 parts.
1627) Got splitted into 14 parts.
1628) Got splitted into 19 parts.
1629) Got splitted into 297 parts.
1630) Got splitted into 321 parts.
1631) Got splitted into 315 parts.
1632) Got splitted into 314 parts.
1633) Got splitted into 313 parts.
1634) Got splitted into 64 parts.
1635) Got splitted into 74 parts.
1636) Got splitted into 75 parts.
1637) Got splitted into 67 parts.
1638) Got splitted into 74 parts.
1639) Got splitted into 194 parts.
1640) Got splitted into 204 parts.
1641) Got splitted into 181 parts.
1642) Got splitted into 194 parts.
1643) Got splitted into 193 parts.
1644) Got splitted into 75 parts.
1645) Got splitted into 64 parts.
1646) Got splitted into 75 parts.
1647) Got splitted into 73 parts.
1648) Got splitted into 71 parts.
1649) Got splitted into 13 parts.
1650) Got splitted into 15 parts.
1651) Got splitted into 16 parts.
1652) Got splitted into 19 parts.
1653) Got splitted into 14 parts.
1654) Got splitted into 315 parts.
1655) Got splitted into 321 parts.
1656) Got splitted into 297 parts.
1657) Got splitted into 313 parts.
1658) Got splitted into 319 parts.
1659) Got splitted into 181 parts.
1660) Got splitted into 193 parts.
1661) Got splitted into 203 parts.
1662) Got splitted into 192 parts.
1663) Got splitted into 192 parts.
1664) Got splitted into 13 parts.
1665) Got splitted into 15 parts.
1666) Got splitted into 15 parts.
1667) Got splitted into 14 parts.
1668) Got splitted into 19 parts.
1669) Got splitted into 297 parts.
1670) Got splitted into 315 parts.
1671) Got splitted into 315 parts.
1672) Got splitted into 320 parts.
1673) Got splitted into 315 parts.
1674) Got splitted into 64 parts.
1675) Got splitted into 75 parts.
1676) Got splitted into 75 parts.
1677) Got splitted into 72 parts.
1678) Got splitted into 72 parts.
1679) Got splitted into 213 parts.
1680) Got splitted into 183 parts.
1681) Got splitted into 199 parts.
1682) Got splitted into 190 parts.
1683) Got splitted into 202 parts.
1684) Got splitted into 16 parts.
1685) Got splitted into 19 parts.
1686) Got splitted into 22 parts.
1687) Got splitted into 17 parts.
1688) Got splitted into 25 parts.
1689) Got splitted into 98 parts.
1690) Got splitted into 115 parts.
1691) Got splitted into 104 parts.
1692) Got splitted into 122 parts.
1693) Got splitted into 118 parts.
1694) Got splitted into 212 parts.
1695) Got splitted into 203 parts.
1696) Got splitted into 183 parts.
1697) Got splitted into 201 parts.
1698) Got splitted into 202 parts.
1699) Got splitted into 16 parts.
1700) Got splitted into 19 parts.
1701) Got splitted into 22 parts.
1702) Got splitted into 25 parts.
1703) Got splitted into 17 parts.
1704) Got splitted into 122 parts.
1705) Got splitted into 98 parts.
1706) Got splitted into 110 parts.
1707) Got splitted into 113 parts.
1708) Got splitted into 119 parts.
1709) Got splitted into 183 parts.
1710) Got splitted into 213 parts.
1711) Got splitted into 195 parts.
1712) Got splitted into 200 parts.
1713) Got splitted into 203 parts.
1714) Got splitted into 16 parts.
1715) Got splitted into 19 parts.
1716) Got splitted into 21 parts.
1717) Got splitted into 17 parts.
1718) Got splitted into 23 parts.
1719) Got splitted into 98 parts.
1720) Got splitted into 122 parts.
1721) Got splitted into 116 parts.
1722) Got splitted into 110 parts.
1723) Got splitted into 119 parts.
1724) Got splitted into 204 parts.
1725) Got splitted into 212 parts.
1726) Got splitted into 183 parts.
1727) Got splitted into 199 parts.
1728) Got splitted into 199 parts.
1729) Got splitted into 98 parts.
1730) Got splitted into 122 parts.
1731) Got splitted into 117 parts.
1732) Got splitted into 118 parts.
1733) Got splitted into 110 parts.
1734) Got splitted into 23 parts.
1735) Got splitted into 16 parts.
1736) Got splitted into 19 parts.
1737) Got splitted into 17 parts.
1738) Got splitted into 25 parts.
1739) Got splitted into 189 parts.
1740) Got splitted into 215 parts.
1741) Got splitted into 197 parts.
1742) Got splitted into 227 parts.
1743) Got splitted into 216 parts.
1744) Got splitted into 19 parts.
1745) Got splitted into 21 parts.
1746) Got splitted into 28 parts.
1747) Got splitted into 21 parts.
1748) Got splitted into 32 parts.
1749) Got splitted into 115 parts.
1750) Got splitted into 164 parts.
1751) Got splitted into 148 parts.
1752) Got splitted into 148 parts.
1753) Got splitted into 128 parts.
1754) Got splitted into 19 parts.
1755) Got splitted into 30 parts.
1756) Got splitted into 21 parts.
1757) Got splitted into 21 parts.
1758) Got splitted into 31 parts.
1759) Got splitted into 115 parts.
1760) Got splitted into 145 parts.
1761) Got splitted into 164 parts.
1762) Got splitted into 135 parts.
1763) Got splitted into 150 parts.
1764) Got splitted into 217 parts.
1765) Got splitted into 189 parts.
1766) Got splitted into 227 parts.
1767) Got splitted into 200 parts.
1768) Got splitted into 216 parts.
1769) Got splitted into 19 parts.
1770) Got splitted into 21 parts.
1771) Got splitted into 30 parts.
1772) Got splitted into 34 parts.
1773) Got splitted into 22 parts.
1774) Got splitted into 189 parts.
1775) Got splitted into 226 parts.
1776) Got splitted into 217 parts.
1777) Got splitted into 219 parts.
1778) Got splitted into 211 parts.
1779) Got splitted into 165 parts.
1780) Got splitted into 115 parts.
1781) Got splitted into 148 parts.
1782) Got splitted into 152 parts.
1783) Got splitted into 134 parts.
1784) Got splitted into 222 parts.
1785) Got splitted into 229 parts.
1786) Got splitted into 189 parts.
1787) Got splitted into 218 parts.
1788) Got splitted into 207 parts.
1789) Got splitted into 115 parts.
1790) Got splitted into 163 parts.
1791) Got splitted into 149 parts.
1792) Got splitted into 148 parts.
1793) Got splitted into 140 parts.
1794) Got splitted into 19 parts.
1795) Got splitted into 31 parts.
1796) Got splitted into 22 parts.
1797) Got splitted into 21 parts.
1798) Got splitted into 34 parts.
1799) Got splitted into 2 parts.
1800) Got splitted into 2 parts.
1801) Got splitted into 2 parts.
1802) Got splitted into 2 parts.
1803) Got splitted into 2 parts.
1804) Got splitted into 5 parts.
1805) Got splitted into 5 parts.
1806) Got splitted into 5 parts.
1807) Got splitted into 5 parts.
1808) Got splitted into 5 parts.
1809) Got splitted into 2 parts.
1810) Got splitted into 2 parts.
1811) Got splitted into 2 parts.
1812) Got splitted into 2 parts.
1813) Got splitted into 2 parts.
1814) Got splitted into 17 parts.
1815) Got splitted into 17 parts.
1816) Got splitted into 17 parts.
1817) Got splitted into 17 parts.
1818) Got splitted into 17 parts.
1819) Got splitted into 12 parts.
1820) Got splitted into 12 parts.
1821) Got splitted into 12 parts.
1822) Got splitted into 12 parts.
1823) Got splitted into 12 parts.
1824) Got splitted into 34 parts.
1825) Got splitted into 34 parts.
1826) Got splitted into 34 parts.
1827) Got splitted into 34 parts.
1828) Got splitted into 34 parts.
1829) Got splitted into 59 parts.
1830) Got splitted into 59 parts.
1831) Got splitted into 59 parts.
1832) Got splitted into 59 parts.
1833) Got splitted into 59 parts.
1834) Got splitted into 79 parts.
1835) Got splitted into 79 parts.
1836) Got splitted into 79 parts.
1837) Got splitted into 79 parts.
1838) Got splitted into 79 parts.
1839) Got splitted into 158 parts.
1840) Got splitted into 158 parts.
1841) Got splitted into 158 parts.
1842) Got splitted into 158 parts.
1843) Got splitted into 158 parts.
1844) Got splitted into 79 parts.
1845) Got splitted into 79 parts.
1846) Got splitted into 79 parts.
1847) Got splitted into 79 parts.
1848) Got splitted into 79 parts.
1849) Got splitted into 59 parts.
1850) Got splitted into 59 parts.
1851) Got splitted into 59 parts.
1852) Got splitted into 59 parts.
1853) Got splitted into 59 parts.
1854) Got splitted into 158 parts.
1855) Got splitted into 158 parts.
1856) Got splitted into 158 parts.
1857) Got splitted into 158 parts.
1858) Got splitted into 158 parts.
1859) Got splitted into 2 parts.
1860) Got splitted into 2 parts.
1861) Got splitted into 2 parts.
1862) Got splitted into 2 parts.
1863) Got splitted into 2 parts.
1864) Got splitted into 2 parts.
1865) Got splitted into 2 parts.
1866) Got splitted into 2 parts.
1867) Got splitted into 2 parts.
1868) Got splitted into 2 parts.
1869) Got splitted into 5 parts.
1870) Got splitted into 5 parts.
1871) Got splitted into 5 parts.
1872) Got splitted into 5 parts.
1873) Got splitted into 5 parts.
1874) Got splitted into 17 parts.
1875) Got splitted into 17 parts.
1876) Got splitted into 17 parts.
1877) Got splitted into 17 parts.
1878) Got splitted into 17 parts.
1879) Got splitted into 34 parts.
1880) Got splitted into 34 parts.
1881) Got splitted into 34 parts.
1882) Got splitted into 34 parts.
1883) Got splitted into 34 parts.
1884) Got splitted into 12 parts.
1885) Got splitted into 12 parts.
1886) Got splitted into 12 parts.
1887) Got splitted into 12 parts.
1888) Got splitted into 12 parts.
1889) Got splitted into 2 parts.
1890) Got splitted into 2 parts.
1891) Got splitted into 2 parts.
1892) Got splitted into 2 parts.
1893) Got splitted into 2 parts.
1894) Got splitted into 2 parts.
1895) Got splitted into 2 parts.
1896) Got splitted into 2 parts.
1897) Got splitted into 2 parts.
1898) Got splitted into 2 parts.
1899) Got splitted into 5 parts.
1900) Got splitted into 5 parts.
1901) Got splitted into 5 parts.
1902) Got splitted into 5 parts.
1903) Got splitted into 5 parts.
1904) Got splitted into 59 parts.
1905) Got splitted into 59 parts.
1906) Got splitted into 59 parts.
1907) Got splitted into 59 parts.
1908) Got splitted into 59 parts.
1909) Got splitted into 158 parts.
1910) Got splitted into 158 parts.
1911) Got splitted into 158 parts.
1912) Got splitted into 158 parts.
1913) Got splitted into 158 parts.
1914) Got splitted into 79 parts.
1915) Got splitted into 79 parts.
1916) Got splitted into 79 parts.
1917) Got splitted into 79 parts.
1918) Got splitted into 79 parts.
1919) Got splitted into 12 parts.
1920) Got splitted into 12 parts.
1921) Got splitted into 12 parts.
1922) Got splitted into 12 parts.
1923) Got splitted into 12 parts.
1924) Got splitted into 17 parts.
1925) Got splitted into 17 parts.
1926) Got splitted into 17 parts.
1927) Got splitted into 17 parts.
1928) Got splitted into 17 parts.
1929) Got splitted into 34 parts.
1930) Got splitted into 34 parts.
1931) Got splitted into 34 parts.
1932) Got splitted into 34 parts.
1933) Got splitted into 34 parts.
1934) Got splitted into 2 parts.
1935) Got splitted into 2 parts.
1936) Got splitted into 2 parts.
1937) Got splitted into 2 parts.
1938) Got splitted into 2 parts.
1939) Got splitted into 5 parts.
1940) Got splitted into 5 parts.
1941) Got splitted into 5 parts.
1942) Got splitted into 5 parts.
1943) Got splitted into 5 parts.
1944) Got splitted into 2 parts.
1945) Got splitted into 2 parts.
1946) Got splitted into 2 parts.
1947) Got splitted into 2 parts.
1948) Got splitted into 2 parts.
1949) Got splitted into 12 parts.
1950) Got splitted into 12 parts.
1951) Got splitted into 12 parts.
1952) Got splitted into 12 parts.
1953) Got splitted into 12 parts.
1954) Got splitted into 34 parts.
1955) Got splitted into 34 parts.
1956) Got splitted into 34 parts.
1957) Got splitted into 34 parts.
1958) Got splitted into 34 parts.
1959) Got splitted into 17 parts.
1960) Got splitted into 17 parts.
1961) Got splitted into 17 parts.
1962) Got splitted into 17 parts.
1963) Got splitted into 17 parts.
1964) Got splitted into 59 parts.
1965) Got splitted into 59 parts.
1966) Got splitted into 59 parts.
1967) Got splitted into 59 parts.
1968) Got splitted into 59 parts.
1969) Got splitted into 158 parts.
1970) Got splitted into 158 parts.
1971) Got splitted into 158 parts.
1972) Got splitted into 158 parts.
1973) Got splitted into 158 parts.
1974) Got splitted into 79 parts.
1975) Got splitted into 79 parts.
1976) Got splitted into 79 parts.
1977) Got splitted into 79 parts.
1978) Got splitted into 79 parts.
1979) Got splitted into 111 parts.
1980) Got splitted into 122 parts.
1981) Got splitted into 89 parts.
1982) Got splitted into 109 parts.
1983) Got splitted into 100 parts.
1984) Got splitted into 16 parts.
1985) Got splitted into 17 parts.
1986) Got splitted into 25 parts.
1987) Got splitted into 26 parts.
1988) Got splitted into 27 parts.
1989) Got splitted into 111 parts.
1990) Got splitted into 117 parts.
1991) Got splitted into 98 parts.
1992) Got splitted into 99 parts.
1993) Got splitted into 114 parts.
1994) Got splitted into 89 parts.
1995) Got splitted into 122 parts.
1996) Got splitted into 112 parts.
1997) Got splitted into 103 parts.
1998) Got splitted into 110 parts.
1999) Got splitted into 16 parts.
2000) Got splitted into 26 parts.
2001) Got splitted into 25 parts.
2002) Got splitted into 26 parts.
2003) Got splitted into 17 parts.
2004) Got splitted into 98 parts.
2005) Got splitted into 110 parts.
2006) Got splitted into 118 parts.
2007) Got splitted into 113 parts.
2008) Got splitted into 116 parts.
2009) Got splitted into 89 parts.
2010) Got splitted into 110 parts.
2011) Got splitted into 120 parts.
2012) Got splitted into 102 parts.
2013) Got splitted into 109 parts.
2014) Got splitted into 16 parts.
2015) Got splitted into 25 parts.
2016) Got splitted into 25 parts.
2017) Got splitted into 25 parts.
2018) Got splitted into 17 parts.
2019) Got splitted into 98 parts.
2020) Got splitted into 111 parts.
2021) Got splitted into 113 parts.
2022) Got splitted into 110 parts.
2023) Got splitted into 117 parts.
2024) Got splitted into 122 parts.
2025) Got splitted into 89 parts.
2026) Got splitted into 109 parts.
2027) Got splitted into 109 parts.
2028) Got splitted into 108 parts.
2029) Got splitted into 25 parts.
2030) Got splitted into 28 parts.
2031) Got splitted into 16 parts.
2032) Got splitted into 26 parts.
2033) Got splitted into 17 parts.
2034) Got splitted into 98 parts.
2035) Got splitted into 110 parts.
2036) Got splitted into 117 parts.
2037) Got splitted into 114 parts.
2038) Got splitted into 116 parts.
2039) Got splitted into 29 parts.
2040) Got splitted into 19 parts.
2041) Got splitted into 19 parts.
2042) Got splitted into 35 parts.
2043) Got splitted into 33 parts.
2044) Got splitted into 150 parts.
2045) Got splitted into 115 parts.
2046) Got splitted into 152 parts.
2047) Got splitted into 125 parts.
2048) Got splitted into 147 parts.
2049) Got splitted into 95 parts.
2050) Got splitted into 141 parts.
2051) Got splitted into 122 parts.
2052) Got splitted into 116 parts.
2053) Got splitted into 124 parts.
2054) Got splitted into 95 parts.
2055) Got splitted into 125 parts.
2056) Got splitted into 140 parts.
2057) Got splitted into 116 parts.
2058) Got splitted into 125 parts.
2059) Got splitted into 19 parts.
2060) Got splitted into 35 parts.
2061) Got splitted into 34 parts.
2062) Got splitted into 29 parts.
2063) Got splitted into 22 parts.
2064) Got splitted into 115 parts.
2065) Got splitted into 150 parts.
2066) Got splitted into 148 parts.
2067) Got splitted into 149 parts.
2068) Got splitted into 144 parts.
2069) Got splitted into 139 parts.
2070) Got splitted into 95 parts.
2071) Got splitted into 128 parts.
2072) Got splitted into 125 parts.
2073) Got splitted into 120 parts.
2074) Got splitted into 115 parts.
2075) Got splitted into 154 parts.
2076) Got splitted into 151 parts.
2077) Got splitted into 142 parts.
2078) Got splitted into 147 parts.
2079) Got splitted into 19 parts.
2080) Got splitted into 29 parts.
2081) Got splitted into 37 parts.
2082) Got splitted into 22 parts.
2083) Got splitted into 35 parts.
2084) Got splitted into 95 parts.
2085) Got splitted into 143 parts.
2086) Got splitted into 124 parts.
2087) Got splitted into 127 parts.
2088) Got splitted into 115 parts.
2089) Got splitted into 29 parts.
2090) Got splitted into 19 parts.
2091) Got splitted into 37 parts.
2092) Got splitted into 23 parts.
2093) Got splitted into 35 parts.
2094) Got splitted into 115 parts.
2095) Got splitted into 150 parts.
2096) Got splitted into 149 parts.
2097) Got splitted into 140 parts.
2098) Got splitted into 152 parts.
2099) Got splitted into 8 parts.
2100) Got splitted into 8 parts.
2101) Got splitted into 8 parts.
2102) Got splitted into 9 parts.
2103) Got splitted into 9 parts.
2104) Got splitted into 8 parts.
2105) Got splitted into 8 parts.
2106) Got splitted into 9 parts.
2107) Got splitted into 9 parts.
2108) Got splitted into 8 parts.
2109) Got splitted into 138 parts.
2110) Got splitted into 150 parts.
2111) Got splitted into 149 parts.
2112) Got splitted into 144 parts.
2113) Got splitted into 144 parts.
2114) Got splitted into 47 parts.
2115) Got splitted into 50 parts.
2116) Got splitted into 49 parts.
2117) Got splitted into 47 parts.
2118) Got splitted into 49 parts.
2119) Got splitted into 9 parts.
2120) Got splitted into 8 parts.
2121) Got splitted into 8 parts.
2122) Got splitted into 8 parts.
2123) Got splitted into 9 parts.
2124) Got splitted into 9 parts.
2125) Got splitted into 8 parts.
2126) Got splitted into 8 parts.
2127) Got splitted into 8 parts.
2128) Got splitted into 9 parts.
2129) Got splitted into 47 parts.
2130) Got splitted into 49 parts.
2131) Got splitted into 50 parts.
2132) Got splitted into 49 parts.
2133) Got splitted into 49 parts.
2134) Got splitted into 138 parts.
2135) Got splitted into 151 parts.
2136) Got splitted into 146 parts.
2137) Got splitted into 143 parts.
2138) Got splitted into 147 parts.
2139) Got splitted into 8 parts.
2140) Got splitted into 8 parts.
2141) Got splitted into 8 parts.
2142) Got splitted into 9 parts.
2143) Got splitted into 8 parts.
2144) Got splitted into 8 parts.
2145) Got splitted into 8 parts.
2146) Got splitted into 8 parts.
2147) Got splitted into 8 parts.
2148) Got splitted into 9 parts.
2149) Got splitted into 47 parts.
2150) Got splitted into 50 parts.
2151) Got splitted into 49 parts.
2152) Got splitted into 49 parts.
2153) Got splitted into 49 parts.
2154) Got splitted into 138 parts.
2155) Got splitted into 147 parts.
2156) Got splitted into 150 parts.
2157) Got splitted into 146 parts.
2158) Got splitted into 144 parts.
2159) Got splitted into 9 parts.
2160) Got splitted into 8 parts.
2161) Got splitted into 8 parts.
2162) Got splitted into 8 parts.
2163) Got splitted into 9 parts.
2164) Got splitted into 8 parts.
2165) Got splitted into 8 parts.
2166) Got splitted into 8 parts.
2167) Got splitted into 9 parts.
2168) Got splitted into 9 parts.
2169) Got splitted into 150 parts.
2170) Got splitted into 138 parts.
2171) Got splitted into 147 parts.
2172) Got splitted into 146 parts.
2173) Got splitted into 144 parts.
2174) Got splitted into 47 parts.
2175) Got splitted into 51 parts.
2176) Got splitted into 50 parts.
2177) Got splitted into 49 parts.
2178) Got splitted into 49 parts.
2179) Got splitted into 87 parts.
2180) Got splitted into 107 parts.
2181) Got splitted into 98 parts.
2182) Got splitted into 93 parts.
2183) Got splitted into 99 parts.
2184) Got splitted into 64 parts.
2185) Got splitted into 69 parts.
2186) Got splitted into 73 parts.
2187) Got splitted into 65 parts.
2188) Got splitted into 74 parts.
2189) Got splitted into 13 parts.
2190) Got splitted into 20 parts.
2191) Got splitted into 22 parts.
2192) Got splitted into 20 parts.
2193) Got splitted into 14 parts.
2194) Got splitted into 297 parts.
2195) Got splitted into 327 parts.
2196) Got splitted into 325 parts.
2197) Got splitted into 312 parts.
2198) Got splitted into 312 parts.
2199) Got splitted into 87 parts.
2200) Got splitted into 107 parts.
2201) Got splitted into 101 parts.
2202) Got splitted into 97 parts.
2203) Got splitted into 98 parts.
2204) Got splitted into 21 parts.
2205) Got splitted into 13 parts.
2206) Got splitted into 20 parts.
2207) Got splitted into 14 parts.
2208) Got splitted into 19 parts.
2209) Got splitted into 64 parts.
2210) Got splitted into 72 parts.
2211) Got splitted into 72 parts.
2212) Got splitted into 73 parts.
2213) Got splitted into 69 parts.
2214) Got splitted into 297 parts.
2215) Got splitted into 315 parts.
2216) Got splitted into 316 parts.
2217) Got splitted into 326 parts.
2218) Got splitted into 314 parts.
2219) Got splitted into 107 parts.
2220) Got splitted into 87 parts.
2221) Got splitted into 100 parts.
2222) Got splitted into 97 parts.
2223) Got splitted into 97 parts.
2224) Got splitted into 21 parts.
2225) Got splitted into 13 parts.
2226) Got splitted into 14 parts.
2227) Got splitted into 19 parts.
2228) Got splitted into 21 parts.
2229) Got splitted into 297 parts.
2230) Got splitted into 325 parts.
2231) Got splitted into 318 parts.
2232) Got splitted into 314 parts.
2233) Got splitted into 311 parts.
2234) Got splitted into 64 parts.
2235) Got splitted into 69 parts.
2236) Got splitted into 73 parts.
2237) Got splitted into 72 parts.
2238) Got splitted into 74 parts.
2239) Got splitted into 87 parts.
2240) Got splitted into 107 parts.
2241) Got splitted into 99 parts.
2242) Got splitted into 100 parts.
2243) Got splitted into 97 parts.
2244) Got splitted into 22 parts.
2245) Got splitted into 13 parts.
2246) Got splitted into 21 parts.
2247) Got splitted into 14 parts.
2248) Got splitted into 20 parts.
2249) Got splitted into 64 parts.
2250) Got splitted into 75 parts.
2251) Got splitted into 69 parts.
2252) Got splitted into 73 parts.
2253) Got splitted into 74 parts.
2254) Got splitted into 297 parts.
2255) Got splitted into 326 parts.
2256) Got splitted into 317 parts.
2257) Got splitted into 318 parts.
2258) Got splitted into 313 parts.
Number of files int otal are: 178133
